!SESSION 2014-03-13 12:42:24.284 -----------------------------------------------
eclipse.buildId=unknown
java.version=1.7.0_21
java.vendor=Oracle Corporation
BootLoader constants: OS=macosx, ARCH=x86_64, WS=cocoa, NL=en_US
Framework arguments:  -product puppet-view.product -clearPersistedState
Command-line arguments:  -product puppet-view.product -data /Users/gerald/Documents/ProjektPPM/ppmDipl/../runtime-puppet-view.product -dev file:/Users/gerald/Documents/ProjektPPM/ppmDipl/.metadata/.plugins/org.eclipse.pde.core/puppet-view.product/dev.properties -os macosx -ws cocoa -arch x86_64 -consoleLog -clearPersistedState

!ENTRY org.eclipse.equinox.app 0 0 2014-03-13 12:42:25.088
!MESSAGE Product puppet-view.product could not be found.

!ENTRY org.eclipse.osgi 2 0 2014-03-13 12:42:25.117
!MESSAGE One or more bundles are not resolved because the following root constraints are not resolved:
!SUBENTRY 1 org.eclipse.osgi 2 0 2014-03-13 12:42:25.118
!MESSAGE Bundle initial@reference:file:../../Documents/ProjektPPM/ppmDipl/puppet-view/ was not resolved.
!SUBENTRY 2 puppet-view 2 0 2014-03-13 12:42:25.118
!MESSAGE Missing required bundle puppet-bl_1.0.0.

!ENTRY org.eclipse.osgi 2 0 2014-03-13 12:42:25.121
!MESSAGE The following is a complete list of bundles which are not resolved, see the prior log entry for the root cause if it exists:
!SUBENTRY 1 org.eclipse.osgi 2 0 2014-03-13 12:42:25.121
!MESSAGE Bundle puppet-view_1.0.0.qualifier [73] was not resolved.
!SUBENTRY 2 puppet-view 2 0 2014-03-13 12:42:25.121
!MESSAGE Missing required bundle puppet-bl_1.0.0.

!ENTRY org.eclipse.osgi 2 0 2014-03-13 12:42:25.139
!MESSAGE One or more bundles are not resolved because the following root constraints are not resolved:
!SUBENTRY 1 org.eclipse.osgi 2 0 2014-03-13 12:42:25.139
!MESSAGE Bundle initial@reference:file:../../Documents/ProjektPPM/ppmDipl/puppet-view/ was not resolved.
!SUBENTRY 2 puppet-view 2 0 2014-03-13 12:42:25.140
!MESSAGE Missing required bundle puppet-bl_1.0.0.

!ENTRY org.eclipse.osgi 2 0 2014-03-13 12:42:25.143
!MESSAGE The following is a complete list of bundles which are not resolved, see the prior log entry for the root cause if it exists:
!SUBENTRY 1 org.eclipse.osgi 2 0 2014-03-13 12:42:25.144
!MESSAGE Bundle puppet-view_1.0.0.qualifier [73] was not resolved.
!SUBENTRY 2 puppet-view 2 0 2014-03-13 12:42:25.144
!MESSAGE Missing required bundle puppet-bl_1.0.0.

!ENTRY org.eclipse.osgi 4 0 2014-03-13 12:42:25.144
!MESSAGE Application error
!STACK 1
java.lang.RuntimeException: No application id has been found.
	at org.eclipse.equinox.internal.app.EclipseAppContainer.startDefaultApp(EclipseAppContainer.java:242)
	at org.eclipse.equinox.internal.app.MainApplicationLauncher.run(MainApplicationLauncher.java:29)
	at org.eclipse.core.runtime.internal.adaptor.EclipseAppLauncher.runApplication(EclipseAppLauncher.java:110)
	at org.eclipse.core.runtime.internal.adaptor.EclipseAppLauncher.start(EclipseAppLauncher.java:79)
	at org.eclipse.core.runtime.adaptor.EclipseStarter.run(EclipseStarter.java:354)
	at org.eclipse.core.runtime.adaptor.EclipseStarter.run(EclipseStarter.java:181)
	at sun.reflect.NativeMethodAccessorImpl.invoke0(Native Method)
	at sun.reflect.NativeMethodAccessorImpl.invoke(NativeMethodAccessorImpl.java:57)
	at sun.reflect.DelegatingMethodAccessorImpl.invoke(DelegatingMethodAccessorImpl.java:43)
	at java.lang.reflect.Method.invoke(Method.java:601)
	at org.eclipse.equinox.launcher.Main.invokeFramework(Main.java:636)
	at org.eclipse.equinox.launcher.Main.basicRun(Main.java:591)
	at org.eclipse.equinox.launcher.Main.run(Main.java:1450)
	at org.eclipse.equinox.launcher.Main.main(Main.java:1426)
